2019/45/20 14:45:29,937 ERROR FilmDBApp.Model.ApplicationConfiguration [1] Application Configuration - Could not find destination of L:\1. Films\1.animovane path. 
2019/45/20 14:45:36,679 ERROR FilmDBApp.Model.ApplicationConfiguration [1] Application Configuration - Could not find destination of L:\1. Films\1.animovane path. 
2019/45/20 14:45:36,679 ERROR FilmDBApp.Model.ApplicationConfiguration [1] Application Configuration - Could not find destination of L:\1. Films\1.ceske path. 
2019/45/20 14:45:38,060 ERROR FilmDBApp.Model.ApplicationConfiguration [1] Application Configuration - Could not find destination of L:\1. Films\1.ceske path. 
2019/45/20 14:45:38,060 ERROR FilmDBApp.Model.ApplicationConfiguration [1] Application Configuration - Could not find destination of L:\1. Films\1.drama-akcne path. 
2019/45/20 14:45:38,901 ERROR FilmDBApp.Model.ApplicationConfiguration [1] Application Configuration - Could not find destination of L:\1. Films\1.drama-akcne path. 
2019/45/20 14:45:38,901 ERROR FilmDBApp.Model.ApplicationConfiguration [1] Application Configuration - Could not find destination of L:\1. Films\1.fantasy path. 
2019/45/20 14:45:40,234 ERROR FilmDBApp.Model.ApplicationConfiguration [1] Application Configuration - Could not find destination of L:\1. Films\1.fantasy path. 
2019/45/20 14:45:40,234 ERROR FilmDBApp.Model.ApplicationConfiguration [1] Application Configuration - Could not find destination of L:\1. Films\1.horor path. 
2019/45/20 14:45:40,831 ERROR FilmDBApp.Model.ApplicationConfiguration [1] Application Configuration - Could not find destination of L:\1. Films\1.horor path. 
2019/45/20 14:45:40,831 ERROR FilmDBApp.Model.ApplicationConfiguration [1] Application Configuration - Could not find destination of L:\1. Films\1.komedia path. 
2019/45/20 14:45:41,886 ERROR FilmDBApp.Model.ApplicationConfiguration [1] Application Configuration - Could not find destination of L:\1. Films\1.komedia path. 
2019/45/20 14:45:41,886 ERROR FilmDBApp.Model.ApplicationConfiguration [1] Application Configuration - Could not find destination of L:\1. Films\1.komixovka path. 
2019/45/20 14:45:42,484 ERROR FilmDBApp.Model.ApplicationConfiguration [1] Application Configuration - Could not find destination of L:\1. Films\1.komixovka path. 
2019/45/20 14:45:42,484 ERROR FilmDBApp.Model.ApplicationConfiguration [1] Application Configuration - Could not find destination of L:\1. Films\1.scifi path. 
2019/45/20 14:45:43,991 ERROR FilmDBApp.Model.ApplicationConfiguration [1] Application Configuration - Could not find destination of L:\1. Films\1.scifi path. 
2019/45/20 14:45:43,991 ERROR FilmDBApp.Model.ApplicationConfiguration [1] Application Configuration - Could not find destination of L:\1. Films\1.thriller path. 
2019/45/20 14:45:44,533 ERROR FilmDBApp.Model.ApplicationConfiguration [1] Application Configuration - Could not find destination of L:\1. Films\1.thriller path. 
2019/45/20 14:45:44,533 ERROR FilmDBApp.Model.ApplicationConfiguration [1] Application Configuration - Could not find destination of L:\1. Films\1.vojnove path. 
2019/45/20 14:45:45,619 ERROR FilmDBApp.Model.ApplicationConfiguration [1] Application Configuration - Could not find destination of L:\1. Films\1.vojnove path. 
2019/11/20 15:11:10,308 ERROR FilmDBApp.Model.ApplicationConfiguration [1] Application Configuration - Could not find destination of L:\1. Films\1.animovane path. 
2019/11/20 15:11:10,314 ERROR FilmDBApp.Model.ApplicationConfiguration [1] Application Configuration - Could not find destination of L:\1. Films\1.ceske path. 
2019/11/20 15:11:10,314 ERROR FilmDBApp.Model.ApplicationConfiguration [1] Application Configuration - Could not find destination of L:\1. Films\1.drama-akcne path. 
2019/11/20 15:11:10,314 ERROR FilmDBApp.Model.ApplicationConfiguration [1] Application Configuration - Could not find destination of L:\1. Films\1.fantasy path. 
2019/11/20 15:11:10,314 ERROR FilmDBApp.Model.ApplicationConfiguration [1] Application Configuration - Could not find destination of L:\1. Films\1.horor path. 
2019/11/20 15:11:10,314 ERROR FilmDBApp.Model.ApplicationConfiguration [1] Application Configuration - Could not find destination of L:\1. Films\1.komedia path. 
2019/11/20 15:11:10,314 ERROR FilmDBApp.Model.ApplicationConfiguration [1] Application Configuration - Could not find destination of L:\1. Films\1.komixovka path. 
2019/11/20 15:11:10,314 ERROR FilmDBApp.Model.ApplicationConfiguration [1] Application Configuration - Could not find destination of L:\1. Films\1.scifi path. 
2019/11/20 15:11:10,314 ERROR FilmDBApp.Model.ApplicationConfiguration [1] Application Configuration - Could not find destination of L:\1. Films\1.thriller path. 
2019/11/20 15:11:10,314 ERROR FilmDBApp.Model.ApplicationConfiguration [1] Application Configuration - Could not find destination of L:\1. Films\1.vojnove path. 
2019/14/20 15:14:45,329 ERROR FilmDBApp.Model.ApplicationConfiguration [1] Application Configuration - Could not find destination of L:\1. Films\1.animovane path. 
2019/14/20 15:14:45,335 ERROR FilmDBApp.Model.ApplicationConfiguration [1] Application Configuration - Could not find destination of L:\1. Films\1.ceske path. 
2019/14/20 15:14:45,335 ERROR FilmDBApp.Model.ApplicationConfiguration [1] Application Configuration - Could not find destination of L:\1. Films\1.drama-akcne path. 
2019/14/20 15:14:45,335 ERROR FilmDBApp.Model.ApplicationConfiguration [1] Application Configuration - Could not find destination of L:\1. Films\1.fantasy path. 
2019/14/20 15:14:45,335 ERROR FilmDBApp.Model.ApplicationConfiguration [1] Application Configuration - Could not find destination of L:\1. Films\1.horor path. 
2019/14/20 15:14:45,335 ERROR FilmDBApp.Model.ApplicationConfiguration [1] Application Configuration - Could not find destination of L:\1. Films\1.komedia path. 
2019/14/20 15:14:45,335 ERROR FilmDBApp.Model.ApplicationConfiguration [1] Application Configuration - Could not find destination of L:\1. Films\1.komixovka path. 
2019/14/20 15:14:45,335 ERROR FilmDBApp.Model.ApplicationConfiguration [1] Application Configuration - Could not find destination of L:\1. Films\1.scifi path. 
2019/14/20 15:14:45,335 ERROR FilmDBApp.Model.ApplicationConfiguration [1] Application Configuration - Could not find destination of L:\1. Films\1.thriller path. 
2019/14/20 15:14:45,335 ERROR FilmDBApp.Model.ApplicationConfiguration [1] Application Configuration - Could not find destination of L:\1. Films\1.vojnove path. 
2019/18/20 15:18:18,236 ERROR FilmDBApp.Model.ApplicationConfiguration [1] Application Configuration - Could not find destination of L:\1. Films\1.animovane path. 
2019/18/20 15:18:18,244 ERROR FilmDBApp.Model.ApplicationConfiguration [1] Application Configuration - Could not find destination of L:\1. Films\1.ceske path. 
2019/18/20 15:18:18,244 ERROR FilmDBApp.Model.ApplicationConfiguration [1] Application Configuration - Could not find destination of L:\1. Films\1.drama-akcne path. 
2019/18/20 15:18:18,244 ERROR FilmDBApp.Model.ApplicationConfiguration [1] Application Configuration - Could not find destination of L:\1. Films\1.fantasy path. 
2019/18/20 15:18:18,244 ERROR FilmDBApp.Model.ApplicationConfiguration [1] Application Configuration - Could not find destination of L:\1. Films\1.horor path. 
2019/18/20 15:18:18,244 ERROR FilmDBApp.Model.ApplicationConfiguration [1] Application Configuration - Could not find destination of L:\1. Films\1.komedia path. 
2019/18/20 15:18:18,245 ERROR FilmDBApp.Model.ApplicationConfiguration [1] Application Configuration - Could not find destination of L:\1. Films\1.komixovka path. 
2019/18/20 15:18:18,245 ERROR FilmDBApp.Model.ApplicationConfiguration [1] Application Configuration - Could not find destination of L:\1. Films\1.scifi path. 
2019/18/20 15:18:18,245 ERROR FilmDBApp.Model.ApplicationConfiguration [1] Application Configuration - Could not find destination of L:\1. Films\1.thriller path. 
2019/18/20 15:18:18,245 ERROR FilmDBApp.Model.ApplicationConfiguration [1] Application Configuration - Could not find destination of L:\1. Films\1.vojnove path. 
2019/19/20 15:19:40,027 ERROR FilmDBApp.Model.ApplicationConfiguration [1] Application Configuration - Could not find destination of L:\1. Films\1.animovane path. 
2019/19/20 15:19:40,033 ERROR FilmDBApp.Model.ApplicationConfiguration [1] Application Configuration - Could not find destination of L:\1. Films\1.ceske path. 
2019/19/20 15:19:40,033 ERROR FilmDBApp.Model.ApplicationConfiguration [1] Application Configuration - Could not find destination of L:\1. Films\1.drama-akcne path. 
2019/19/20 15:19:40,033 ERROR FilmDBApp.Model.ApplicationConfiguration [1] Application Configuration - Could not find destination of L:\1. Films\1.fantasy path. 
2019/19/20 15:19:40,033 ERROR FilmDBApp.Model.ApplicationConfiguration [1] Application Configuration - Could not find destination of L:\1. Films\1.horor path. 
2019/19/20 15:19:40,033 ERROR FilmDBApp.Model.ApplicationConfiguration [1] Application Configuration - Could not find destination of L:\1. Films\1.komedia path. 
2019/19/20 15:19:40,033 ERROR FilmDBApp.Model.ApplicationConfiguration [1] Application Configuration - Could not find destination of L:\1. Films\1.komixovka path. 
2019/19/20 15:19:40,033 ERROR FilmDBApp.Model.ApplicationConfiguration [1] Application Configuration - Could not find destination of L:\1. Films\1.scifi path. 
2019/19/20 15:19:40,033 ERROR FilmDBApp.Model.ApplicationConfiguration [1] Application Configuration - Could not find destination of L:\1. Films\1.thriller path. 
2019/19/20 15:19:40,033 ERROR FilmDBApp.Model.ApplicationConfiguration [1] Application Configuration - Could not find destination of L:\1. Films\1.vojnove path. 
2019/23/20 15:23:49,420 ERROR FilmDBApp.Model.ApplicationConfiguration [1] Application Configuration - Could not find destination of L:\1. Films\1.animovane path. 
2019/23/20 15:23:49,426 ERROR FilmDBApp.Model.ApplicationConfiguration [1] Application Configuration - Could not find destination of L:\1. Films\1.ceske path. 
2019/23/20 15:23:49,426 ERROR FilmDBApp.Model.ApplicationConfiguration [1] Application Configuration - Could not find destination of L:\1. Films\1.drama-akcne path. 
2019/23/20 15:23:49,426 ERROR FilmDBApp.Model.ApplicationConfiguration [1] Application Configuration - Could not find destination of L:\1. Films\1.fantasy path. 
2019/23/20 15:23:49,426 ERROR FilmDBApp.Model.ApplicationConfiguration [1] Application Configuration - Could not find destination of L:\1. Films\1.horor path. 
2019/23/20 15:23:49,426 ERROR FilmDBApp.Model.ApplicationConfiguration [1] Application Configuration - Could not find destination of L:\1. Films\1.komedia path. 
2019/23/20 15:23:49,426 ERROR FilmDBApp.Model.ApplicationConfiguration [1] Application Configuration - Could not find destination of L:\1. Films\1.komixovka path. 
2019/23/20 15:23:49,426 ERROR FilmDBApp.Model.ApplicationConfiguration [1] Application Configuration - Could not find destination of L:\1. Films\1.scifi path. 
2019/23/20 15:23:49,426 ERROR FilmDBApp.Model.ApplicationConfiguration [1] Application Configuration - Could not find destination of L:\1. Films\1.thriller path. 
2019/23/20 15:23:49,426 ERROR FilmDBApp.Model.ApplicationConfiguration [1] Application Configuration - Could not find destination of L:\1. Films\1.vojnove path. 
2019/28/20 15:28:41,142 ERROR FilmDBApp.Model.ApplicationConfiguration [1] Application Configuration - Could not find destination of L:\1. Films\1.animovane path. 
2019/28/20 15:28:41,152 ERROR FilmDBApp.Model.ApplicationConfiguration [1] Application Configuration - Could not find destination of L:\1. Films\1.ceske path. 
2019/28/20 15:28:41,152 ERROR FilmDBApp.Model.ApplicationConfiguration [1] Application Configuration - Could not find destination of L:\1. Films\1.drama-akcne path. 
2019/28/20 15:28:41,152 ERROR FilmDBApp.Model.ApplicationConfiguration [1] Application Configuration - Could not find destination of L:\1. Films\1.fantasy path. 
2019/28/20 15:28:41,152 ERROR FilmDBApp.Model.ApplicationConfiguration [1] Application Configuration - Could not find destination of L:\1. Films\1.horor path. 
2019/28/20 15:28:41,152 ERROR FilmDBApp.Model.ApplicationConfiguration [1] Application Configuration - Could not find destination of L:\1. Films\1.komedia path. 
2019/28/20 15:28:41,152 ERROR FilmDBApp.Model.ApplicationConfiguration [1] Application Configuration - Could not find destination of L:\1. Films\1.komixovka path. 
2019/28/20 15:28:41,152 ERROR FilmDBApp.Model.ApplicationConfiguration [1] Application Configuration - Could not find destination of L:\1. Films\1.scifi path. 
2019/28/20 15:28:41,152 ERROR FilmDBApp.Model.ApplicationConfiguration [1] Application Configuration - Could not find destination of L:\1. Films\1.thriller path. 
2019/28/20 15:28:41,152 ERROR FilmDBApp.Model.ApplicationConfiguration [1] Application Configuration - Could not find destination of L:\1. Films\1.vojnove path. 
2019/29/20 15:29:14,257 ERROR FilmDBApp.Model.ApplicationConfiguration [1] Application Configuration - Could not find destination of L:\1. Films\1.animovane path. 
2019/29/20 15:29:14,263 ERROR FilmDBApp.Model.ApplicationConfiguration [1] Application Configuration - Could not find destination of L:\1. Films\1.ceske path. 
2019/29/20 15:29:14,263 ERROR FilmDBApp.Model.ApplicationConfiguration [1] Application Configuration - Could not find destination of L:\1. Films\1.drama-akcne path. 
2019/29/20 15:29:14,263 ERROR FilmDBApp.Model.ApplicationConfiguration [1] Application Configuration - Could not find destination of L:\1. Films\1.fantasy path. 
2019/29/20 15:29:14,263 ERROR FilmDBApp.Model.ApplicationConfiguration [1] Application Configuration - Could not find destination of L:\1. Films\1.horor path. 
2019/29/20 15:29:14,263 ERROR FilmDBApp.Model.ApplicationConfiguration [1] Application Configuration - Could not find destination of L:\1. Films\1.komedia path. 
2019/29/20 15:29:14,263 ERROR FilmDBApp.Model.ApplicationConfiguration [1] Application Configuration - Could not find destination of L:\1. Films\1.komixovka path. 
2019/29/20 15:29:14,263 ERROR FilmDBApp.Model.ApplicationConfiguration [1] Application Configuration - Could not find destination of L:\1. Films\1.scifi path. 
2019/29/20 15:29:14,263 ERROR FilmDBApp.Model.ApplicationConfiguration [1] Application Configuration - Could not find destination of L:\1. Films\1.thriller path. 
2019/29/20 15:29:14,263 ERROR FilmDBApp.Model.ApplicationConfiguration [1] Application Configuration - Could not find destination of L:\1. Films\1.vojnove path. 
2019/29/20 15:29:55,026 ERROR FilmDBApp.Model.ApplicationConfiguration [1] Application Configuration - Could not find destination of L:\1. Films\1.animovane path. 
2019/29/20 15:29:55,033 ERROR FilmDBApp.Model.ApplicationConfiguration [1] Application Configuration - Could not find destination of L:\1. Films\1.ceske path. 
2019/29/20 15:29:55,033 ERROR FilmDBApp.Model.ApplicationConfiguration [1] Application Configuration - Could not find destination of L:\1. Films\1.drama-akcne path. 
2019/29/20 15:29:55,033 ERROR FilmDBApp.Model.ApplicationConfiguration [1] Application Configuration - Could not find destination of L:\1. Films\1.fantasy path. 
2019/29/20 15:29:55,033 ERROR FilmDBApp.Model.ApplicationConfiguration [1] Application Configuration - Could not find destination of L:\1. Films\1.horor path. 
2019/29/20 15:29:55,033 ERROR FilmDBApp.Model.ApplicationConfiguration [1] Application Configuration - Could not find destination of L:\1. Films\1.komedia path. 
2019/29/20 15:29:55,033 ERROR FilmDBApp.Model.ApplicationConfiguration [1] Application Configuration - Could not find destination of L:\1. Films\1.komixovka path. 
2019/29/20 15:29:55,033 ERROR FilmDBApp.Model.ApplicationConfiguration [1] Application Configuration - Could not find destination of L:\1. Films\1.scifi path. 
2019/29/20 15:29:55,033 ERROR FilmDBApp.Model.ApplicationConfiguration [1] Application Configuration - Could not find destination of L:\1. Films\1.thriller path. 
2019/29/20 15:29:55,033 ERROR FilmDBApp.Model.ApplicationConfiguration [1] Application Configuration - Could not find destination of L:\1. Films\1.vojnove path. 
2019/49/20 15:49:26,812 ERROR FilmDBApp.Model.ApplicationConfiguration [1] Application Configuration - Could not find destination of L:\1. Films\1.animovane path. 
2019/49/20 15:49:26,818 ERROR FilmDBApp.Model.ApplicationConfiguration [1] Application Configuration - Could not find destination of L:\1. Films\1.ceske path. 
2019/49/20 15:49:26,818 ERROR FilmDBApp.Model.ApplicationConfiguration [1] Application Configuration - Could not find destination of L:\1. Films\1.drama-akcne path. 
2019/49/20 15:49:26,818 ERROR FilmDBApp.Model.ApplicationConfiguration [1] Application Configuration - Could not find destination of L:\1. Films\1.fantasy path. 
2019/49/20 15:49:26,819 ERROR FilmDBApp.Model.ApplicationConfiguration [1] Application Configuration - Could not find destination of L:\1. Films\1.horor path. 
2019/49/20 15:49:26,819 ERROR FilmDBApp.Model.ApplicationConfiguration [1] Application Configuration - Could not find destination of L:\1. Films\1.komedia path. 
2019/49/20 15:49:26,819 ERROR FilmDBApp.Model.ApplicationConfiguration [1] Application Configuration - Could not find destination of L:\1. Films\1.komixovka path. 
2019/49/20 15:49:26,819 ERROR FilmDBApp.Model.ApplicationConfiguration [1] Application Configuration - Could not find destination of L:\1. Films\1.scifi path. 
2019/49/20 15:49:26,819 ERROR FilmDBApp.Model.ApplicationConfiguration [1] Application Configuration - Could not find destination of L:\1. Films\1.thriller path. 
2019/49/20 15:49:26,819 ERROR FilmDBApp.Model.ApplicationConfiguration [1] Application Configuration - Could not find destination of L:\1. Films\1.vojnove path. 
2019/09/20 16:09:16,209 ERROR FilmDBApp.Model.ApplicationConfiguration [1] Application Configuration - Could not find destination of L:\1. Films\1.animovane path. 
2019/09/20 16:09:16,223 ERROR FilmDBApp.Model.ApplicationConfiguration [1] Application Configuration - Could not find destination of L:\1. Films\1.ceske path. 
2019/09/20 16:09:16,223 ERROR FilmDBApp.Model.ApplicationConfiguration [1] Application Configuration - Could not find destination of L:\1. Films\1.drama-akcne path. 
2019/09/20 16:09:16,223 ERROR FilmDBApp.Model.ApplicationConfiguration [1] Application Configuration - Could not find destination of L:\1. Films\1.fantasy path. 
2019/09/20 16:09:16,223 ERROR FilmDBApp.Model.ApplicationConfiguration [1] Application Configuration - Could not find destination of L:\1. Films\1.horor path. 
2019/09/20 16:09:16,223 ERROR FilmDBApp.Model.ApplicationConfiguration [1] Application Configuration - Could not find destination of L:\1. Films\1.komedia path. 
2019/09/20 16:09:16,223 ERROR FilmDBApp.Model.ApplicationConfiguration [1] Application Configuration - Could not find destination of L:\1. Films\1.komixovka path. 
2019/09/20 16:09:16,223 ERROR FilmDBApp.Model.ApplicationConfiguration [1] Application Configuration - Could not find destination of L:\1. Films\1.scifi path. 
2019/09/20 16:09:16,223 ERROR FilmDBApp.Model.ApplicationConfiguration [1] Application Configuration - Could not find destination of L:\1. Films\1.thriller path. 
2019/09/20 16:09:16,223 ERROR FilmDBApp.Model.ApplicationConfiguration [1] Application Configuration - Could not find destination of L:\1. Films\1.vojnove path. 
2019/17/20 16:17:55,310 ERROR FilmDBApp.Model.ApplicationConfiguration [1] Application Configuration - Could not find destination of L:\1. Films\1.animovane path. 
2019/17/20 16:17:55,316 ERROR FilmDBApp.Model.ApplicationConfiguration [1] Application Configuration - Could not find destination of L:\1. Films\1.ceske path. 
2019/17/20 16:17:55,316 ERROR FilmDBApp.Model.ApplicationConfiguration [1] Application Configuration - Could not find destination of L:\1. Films\1.drama-akcne path. 
2019/17/20 16:17:55,316 ERROR FilmDBApp.Model.ApplicationConfiguration [1] Application Configuration - Could not find destination of L:\1. Films\1.fantasy path. 
2019/17/20 16:17:55,316 ERROR FilmDBApp.Model.ApplicationConfiguration [1] Application Configuration - Could not find destination of L:\1. Films\1.horor path. 
2019/17/20 16:17:55,316 ERROR FilmDBApp.Model.ApplicationConfiguration [1] Application Configuration - Could not find destination of L:\1. Films\1.komedia path. 
2019/17/20 16:17:55,316 ERROR FilmDBApp.Model.ApplicationConfiguration [1] Application Configuration - Could not find destination of L:\1. Films\1.komixovka path. 
2019/17/20 16:17:55,316 ERROR FilmDBApp.Model.ApplicationConfiguration [1] Application Configuration - Could not find destination of L:\1. Films\1.scifi path. 
2019/17/20 16:17:55,316 ERROR FilmDBApp.Model.ApplicationConfiguration [1] Application Configuration - Could not find destination of L:\1. Films\1.thriller path. 
2019/17/20 16:17:55,316 ERROR FilmDBApp.Model.ApplicationConfiguration [1] Application Configuration - Could not find destination of L:\1. Films\1.vojnove path. 
2019/35/20 16:35:35,616 ERROR FilmDBApp.Model.ApplicationConfiguration [1] Application Configuration - Could not find destination of L:\1. Films\1.animovane path. 
2019/35/20 16:35:35,621 ERROR FilmDBApp.Model.ApplicationConfiguration [1] Application Configuration - Could not find destination of L:\1. Films\1.ceske path. 
2019/35/20 16:35:35,621 ERROR FilmDBApp.Model.ApplicationConfiguration [1] Application Configuration - Could not find destination of L:\1. Films\1.drama-akcne path. 
2019/35/20 16:35:35,624 ERROR FilmDBApp.Model.ApplicationConfiguration [1] Application Configuration - Could not find destination of L:\1. Films\1.fantasy path. 
2019/35/20 16:35:35,624 ERROR FilmDBApp.Model.ApplicationConfiguration [1] Application Configuration - Could not find destination of L:\1. Films\1.horor path. 
2019/35/20 16:35:35,624 ERROR FilmDBApp.Model.ApplicationConfiguration [1] Application Configuration - Could not find destination of L:\1. Films\1.komedia path. 
2019/35/20 16:35:35,624 ERROR FilmDBApp.Model.ApplicationConfiguration [1] Application Configuration - Could not find destination of L:\1. Films\1.komixovka path. 
2019/35/20 16:35:35,624 ERROR FilmDBApp.Model.ApplicationConfiguration [1] Application Configuration - Could not find destination of L:\1. Films\1.scifi path. 
2019/35/20 16:35:35,624 ERROR FilmDBApp.Model.ApplicationConfiguration [1] Application Configuration - Could not find destination of L:\1. Films\1.thriller path. 
2019/35/20 16:35:35,624 ERROR FilmDBApp.Model.ApplicationConfiguration [1] Application Configuration - Could not find destination of L:\1. Films\1.vojnove path. 
2019/24/20 22:24:05,208 ERROR FilmDBApp.Model.ApplicationConfiguration [1] Application Configuration - Could not find destination of L:\1. Films\1.animovane path. 
2019/24/20 22:24:05,220 ERROR FilmDBApp.Model.ApplicationConfiguration [1] Application Configuration - Could not find destination of L:\1. Films\1.ceske path. 
2019/24/20 22:24:05,220 ERROR FilmDBApp.Model.ApplicationConfiguration [1] Application Configuration - Could not find destination of L:\1. Films\1.drama-akcne path. 
2019/24/20 22:24:05,220 ERROR FilmDBApp.Model.ApplicationConfiguration [1] Application Configuration - Could not find destination of L:\1. Films\1.fantasy path. 
2019/24/20 22:24:05,220 ERROR FilmDBApp.Model.ApplicationConfiguration [1] Application Configuration - Could not find destination of L:\1. Films\1.horor path. 
2019/24/20 22:24:05,220 ERROR FilmDBApp.Model.ApplicationConfiguration [1] Application Configuration - Could not find destination of L:\1. Films\1.komedia path. 
2019/24/20 22:24:05,220 ERROR FilmDBApp.Model.ApplicationConfiguration [1] Application Configuration - Could not find destination of L:\1. Films\1.komixovka path. 
2019/24/20 22:24:05,221 ERROR FilmDBApp.Model.ApplicationConfiguration [1] Application Configuration - Could not find destination of L:\1. Films\1.scifi path. 
2019/24/20 22:24:05,221 ERROR FilmDBApp.Model.ApplicationConfiguration [1] Application Configuration - Could not find destination of L:\1. Films\1.thriller path. 
2019/24/20 22:24:05,221 ERROR FilmDBApp.Model.ApplicationConfiguration [1] Application Configuration - Could not find destination of L:\1. Films\1.vojnove path. 
